- Nikto v2.1.6
---------------------------------------------------------------------------
+ Target IP:          10.10.57.125
+ Target Hostname:    10.10.57.125
+ Target Port:        80
+ Start Time:         2020-04-29 22:08:34 (GMT8)
---------------------------------------------------------------------------
+ Server: Apache/2.4.7 (Ubuntu)
+ Cookie PHPSESSID created without the httponly flag
+ Retrieved x-powered-by header: PHP/5.5.9-1ubuntu4.24
+ The anti-clickjacking X-Frame-Options header is not present.
+ The X-XSS-Protection header is not defined. This header can hint to the user agent to protect against some forms of XSS
+ The X-Content-Type-Options header is not set. This could allow the user agent to render the content of the site in a different fashion to the MIME type
+ Apache/2.4.7 appears to be outdated (current is at least Apache/2.4.37). Apache 2.2.34 is the EOL for the 2.x branch.
+ Web Server returns a valid response with junk HTTP methods, this may cause false positives.
+ OSVDB-5034: /admin/login.php?action=insert&username=test&password=test: phpAuction may allow user admin accounts to be inserted without proper authentication. Attempt to log in with user 'test' password 'test' to verify.
+ /admin/: PHP include error may indicate local or remote file inclusion is possible.
+ OSVDB-3092: /admin/: This might be interesting...
+ OSVDB-3268: /cart/: Directory indexing found.
+ OSVDB-3092: /cart/: This might be interesting...
+ OSVDB-3268: /css/: Directory indexing found.
+ OSVDB-3092: /css/: This might be interesting...
+ OSVDB-3268: /users/: Directory indexing found.
+ OSVDB-3092: /users/: This might be interesting...
+ /admin/index.php: PHP include error may indicate local or remote file inclusion is possible.
+ OSVDB-3093: /admin/index.php: This might be interesting... has been seen in web logs from an unknown scanner.
+ OSVDB-3268: /images/: Directory indexing found.
+ OSVDB-3233: /icons/README: Apache default file found.
