- Nikto v2.1.6
---------------------------------------------------------------------------
+ Target IP:          10.10.56.5
+ Target Hostname:    10.10.56.5
+ Target Port:        1234
+ Start Time:         2020-04-30 15:40:14 (GMT8)
---------------------------------------------------------------------------
+ Server: Apache-Coyote/1.1
+ The anti-clickjacking X-Frame-Options header is not present.
+ The X-XSS-Protection header is not defined. This header can hint to the user agent to protect against some forms of XSS
+ The X-Content-Type-Options header is not set. This could allow the user agent to render the content of the site in a different fashion to the MIME type
+ No CGI Directories found (use '-C all' to force check all possible dirs)
+ OSVDB-39272: /favicon.ico file identifies this app/server as: Apache Tomcat (possibly 5.5.26 through 8.0.15), Alfresco Community
+ Allowed HTTP Methods: GET, HEAD, POST, PUT, DELETE, OPTIONS 
+ OSVDB-397: HTTP method ('Allow' Header): 'PUT' method could allow clients to save files on the web server.
+ OSVDB-5646: HTTP method ('Allow' Header): 'DELETE' may allow clients to remove files on the web server.
+ Web Server returns a valid response with junk HTTP methods, this may cause false positives.
+ /examples/servlets/index.html: Apache Tomcat default JSP pages present.
+ OSVDB-3720: /examples/jsp/snp/snoop.jsp: Displays information about page retrievals, including other users.
+ /manager/html: Default Tomcat Manager / Host Manager interface found
+ /host-manager/html: Default Tomcat Manager / Host Manager interface found
+ /manager/status: Default Tomcat Server Status interface found
+ 8195 requests: 0 error(s) and 13 item(s) reported on remote host
+ End Time:           2020-04-30 16:11:53 (GMT8) (1899 seconds)
---------------------------------------------------------------------------
+ 1 host(s) tested
